3:34:31 PM  [main] 	Initializing Control Panel
3:34:31 PM  [main] 	Windows Version: Windows Server 2012 R2  64-bit
3:34:31 PM  [main] 	XAMPP Version: 5.6.30
3:34:31 PM  [main] 	Control Panel Version: 3.2.2  [ Compiled: Nov 12th 2015 ]
3:34:31 PM  [main] 	Running with Administrator rights - good!
3:34:31 PM  [main] 	XAMPP Installation Directory: "c:\xampp\"
3:34:31 PM  [main] 	Checking for prerequisites
3:34:31 PM  [main] 	All prerequisites found
3:34:31 PM  [main] 	Initializing Modules
3:34:31 PM  [main] 	Starting Check-Timer
3:34:31 PM  [main] 	Control Panel Ready
3:34:34 PM  [Apache] 	Installing service...
3:34:34 PM  [Apache] 	Successful!
3:34:36 PM  [mysql] 	Installing service...
3:34:36 PM  [mysql] 	Successful!
3:34:38 PM  [filezilla] 	Setting Service Name...
3:34:38 PM  [filezilla] 	Setting Service Display Name...
3:34:38 PM  [filezilla] 	Installing service...
3:34:38 PM  [filezilla] 	Successful!
3:34:40 PM  [Apache] 	Attempting to start Apache service...
3:34:40 PM  [mysql] 	Attempting to start MySQL service...
3:34:40 PM  [Apache] 	Status change detected: running
3:34:41 PM  [mysql] 	Status change detected: running
3:34:41 PM  [filezilla] 	Attempting to start FileZilla service...
3:34:42 PM  [filezilla] 	Status change detected: running
4:03:00 PM  [Apache] 	Attempting to stop Apache service...
4:03:02 PM  [Apache] 	Status change detected: stopped
4:03:03 PM  [Apache] 	Attempting to start Apache service...
4:03:03 PM  [Apache] 	Status change detected: running
4:07:55 PM  [Apache] 	Attempting to stop Apache service...
4:07:55 PM  [mysql] 	Attempting to stop MySQL service...
4:07:56 PM  [filezilla] 	Attempting to stop FileZilla service...
4:07:56 PM  [mysql] 	Status change detected: stopped
4:07:57 PM  [filezilla] 	Status change detected: stopped
4:07:57 PM  [Apache] 	Status change detected: stopped
4:07:59 PM  [Apache] 	Attempting to start Apache service...
4:08:00 PM  [mysql] 	Attempting to start MySQL service...
4:08:00 PM  [Apache] 	Status change detected: running
4:08:00 PM  [filezilla] 	Attempting to start FileZilla service...
4:08:00 PM  [mysql] 	Status change detected: running
4:08:01 PM  [filezilla] 	Status change detected: running
5:40:29 PM  [main] 	Executing "c:\xampp\apache"
5:40:39 PM  [Apache] 	Attempting to stop Apache service...
5:40:41 PM  [mysql] 	Attempting to stop MySQL service...
5:40:42 PM  [filezilla] 	Attempting to stop FileZilla service...
5:40:42 PM  [filezilla] 	Status change detected: stopped
5:40:43 PM  [mysql] 	Status change detected: stopped
5:40:45 PM  [Apache] 	Attempting to stop Apache service...
5:40:54 PM  [Apache] 	Attempting to stop Apache service...
5:40:55 PM  [Apache] 	Attempting to stop Apache service...
5:40:55 PM  [Apache] 	Attempting to stop Apache service...
5:40:56 PM  [Apache] 	Attempting to stop Apache service...
5:40:56 PM  [Apache] 	Attempting to stop Apache service...
5:40:56 PM  [Apache] 	Attempting to stop Apache service...
5:40:56 PM  [Apache] 	Attempting to stop Apache service...
5:40:56 PM  [Apache] 	Attempting to stop Apache service...
5:41:02 PM  [Apache] 	Status change detected: stopped
5:41:04 PM  [Apache] 	Attempting to start Apache service...
5:41:05 PM  [mysql] 	Attempting to start MySQL service...
5:41:05 PM  [Apache] 	Status change detected: running
5:41:05 PM  [mysql] 	Status change detected: running
5:41:06 PM  [filezilla] 	Attempting to start FileZilla service...
5:41:06 PM  [filezilla] 	Status change detected: running
5:42:35 PM  [main] 	Executing "services.msc"
2:06:07 PM  [Apache] 	Attempting to stop Apache service...
2:06:09 PM  [Apache] 	Status change detected: stopped
2:06:12 PM  [Apache] 	Problem detected!
2:06:12 PM  [Apache] 	Port 80 in use by "Unable to open process" with PID 1456!
2:06:12 PM  [Apache] 	Apache WILL NOT start without the configured ports free!
2:06:12 PM  [Apache] 	You need to uninstall/disable/reconfigure the blocking application
2:06:12 PM  [Apache] 	or reconfigure Apache and the Control Panel to listen on a different port
2:06:12 PM  [Apache] 	Attempting to start Apache service...
2:06:18 PM  [Apache] 	Problem detected!
2:06:18 PM  [Apache] 	Port 80 in use by "Unable to open process" with PID 1456!
2:06:18 PM  [Apache] 	Apache WILL NOT start without the configured ports free!
2:06:18 PM  [Apache] 	You need to uninstall/disable/reconfigure the blocking application
2:06:18 PM  [Apache] 	or reconfigure Apache and the Control Panel to listen on a different port
2:06:18 PM  [Apache] 	Attempting to start Apache service...
2:06:19 PM  [Apache] 	Problem detected!
2:06:19 PM  [Apache] 	Port 80 in use by "Unable to open process" with PID 1456!
2:06:19 PM  [Apache] 	Apache WILL NOT start without the configured ports free!
2:06:19 PM  [Apache] 	You need to uninstall/disable/reconfigure the blocking application
2:06:19 PM  [Apache] 	or reconfigure Apache and the Control Panel to listen on a different port
2:06:19 PM  [Apache] 	Attempting to start Apache service...
2:06:19 PM  [Apache] 	Problem detected!
2:06:19 PM  [Apache] 	Port 80 in use by "Unable to open process" with PID 1456!
2:06:19 PM  [Apache] 	Apache WILL NOT start without the configured ports free!
2:06:19 PM  [Apache] 	You need to uninstall/disable/reconfigure the blocking application
2:06:19 PM  [Apache] 	or reconfigure Apache and the Control Panel to listen on a different port
2:06:19 PM  [Apache] 	Attempting to start Apache service...
2:06:20 PM  [Apache] 	Problem detected!
2:06:20 PM  [Apache] 	Port 80 in use by "Unable to open process" with PID 1456!
2:06:20 PM  [Apache] 	Apache WILL NOT start without the configured ports free!
2:06:20 PM  [Apache] 	You need to uninstall/disable/reconfigure the blocking application
2:06:20 PM  [Apache] 	or reconfigure Apache and the Control Panel to listen on a different port
2:06:20 PM  [Apache] 	Attempting to start Apache service...
2:06:20 PM  [Apache] 	Problem detected!
2:06:20 PM  [Apache] 	Port 80 in use by "Unable to open process" with PID 1456!
2:06:20 PM  [Apache] 	Apache WILL NOT start without the configured ports free!
2:06:20 PM  [Apache] 	You need to uninstall/disable/reconfigure the blocking application
2:06:20 PM  [Apache] 	or reconfigure Apache and the Control Panel to listen on a different port
2:06:20 PM  [Apache] 	Attempting to start Apache service...
2:06:20 PM  [Apache] 	Problem detected!
2:06:20 PM  [Apache] 	Port 80 in use by "Unable to open process" with PID 1456!
2:06:20 PM  [Apache] 	Apache WILL NOT start without the configured ports free!
2:06:20 PM  [Apache] 	You need to uninstall/disable/reconfigure the blocking application
2:06:20 PM  [Apache] 	or reconfigure Apache and the Control Panel to listen on a different port
2:06:20 PM  [Apache] 	Attempting to start Apache service...
2:06:44 PM  [Apache] 	Problem detected!
2:06:44 PM  [Apache] 	Port 80 in use by "Unable to open process" with PID 1456!
2:06:44 PM  [Apache] 	Apache WILL NOT start without the configured ports free!
2:06:44 PM  [Apache] 	You need to uninstall/disable/reconfigure the blocking application
2:06:44 PM  [Apache] 	or reconfigure Apache and the Control Panel to listen on a different port
2:06:44 PM  [Apache] 	Attempting to start Apache service...
2:06:45 PM  [Apache] 	Problem detected!
2:06:45 PM  [Apache] 	Port 80 in use by "Unable to open process" with PID 1456!
2:06:45 PM  [Apache] 	Apache WILL NOT start without the configured ports free!
2:06:45 PM  [Apache] 	You need to uninstall/disable/reconfigure the blocking application
2:06:45 PM  [Apache] 	or reconfigure Apache and the Control Panel to listen on a different port
2:06:45 PM  [Apache] 	Attempting to start Apache service...
2:06:45 PM  [Apache] 	Problem detected!
2:06:45 PM  [Apache] 	Port 80 in use by "Unable to open process" with PID 1456!
2:06:45 PM  [Apache] 	Apache WILL NOT start without the configured ports free!
2:06:45 PM  [Apache] 	You need to uninstall/disable/reconfigure the blocking application
2:06:45 PM  [Apache] 	or reconfigure Apache and the Control Panel to listen on a different port
2:06:45 PM  [Apache] 	Attempting to start Apache service...
2:06:45 PM  [Apache] 	Attempting to start Apache service...
2:06:45 PM  [Apache] 	Attempting to start Apache service...
2:06:45 PM  [Apache] 	Attempting to start Apache service...
2:06:45 PM  [Apache] 	Attempting to start Apache service...
2:06:45 PM  [Apache] 	Attempting to start Apache service...
2:07:36 PM  [Apache] 	Problem detected!
2:07:36 PM  [Apache] 	Port 80 in use by "Unable to open process" with PID 1456!
2:07:36 PM  [Apache] 	Apache WILL NOT start without the configured ports free!
2:07:36 PM  [Apache] 	You need to uninstall/disable/reconfigure the blocking application
2:07:36 PM  [Apache] 	or reconfigure Apache and the Control Panel to listen on a different port
2:07:36 PM  [Apache] 	Attempting to start Apache service...
2:11:30 PM  [Apache] 	Attempting to start Apache service...
2:11:47 PM  [Apache] 	Attempting to start Apache service...
2:12:04 PM  [Apache] 	Attempting to start Apache service...
2:12:07 PM  [main] 	Deinitializing Modules
2:12:07 PM  [main] 	Deinitializing Control Panel

2:14:21 PM  [main] 	Initializing Control Panel
2:14:21 PM  [main] 	Windows Version: Windows Server 2012 R2  64-bit
2:14:21 PM  [main] 	XAMPP Version: 5.6.30
2:14:21 PM  [main] 	Control Panel Version: 3.2.2  [ Compiled: Nov 12th 2015 ]
2:14:21 PM  [main] 	Running with Administrator rights - good!
2:14:21 PM  [main] 	XAMPP Installation Directory: "c:\xampp\"
2:14:21 PM  [main] 	Checking for prerequisites
2:14:22 PM  [main] 	All prerequisites found
2:14:22 PM  [main] 	Initializing Modules
2:14:22 PM  [mysql] 	XAMPP MySQL Service is already running on port 3306
2:14:22 PM  [filezilla] 	XAMPP FileZilla Service is already running on port 21
2:14:22 PM  [filezilla] 	XAMPP FileZilla Service is already running on port 14147
2:14:22 PM  [main] 	Starting Check-Timer
2:14:22 PM  [main] 	Control Panel Ready
2:14:23 PM  [Apache] 	Attempting to start Apache service...
2:15:30 PM  [Apache] 	Attempting to start Apache service...
2:15:37 PM  [Apache] 	Attempting to start Apache service...
2:15:56 PM  [Apache] 	Attempting to start Apache service...
2:15:59 PM  [main] 	Deinitializing Modules
2:15:59 PM  [main] 	Deinitializing Control Panel

2:18:41 PM  [main] 	Initializing Control Panel
2:18:41 PM  [main] 	Windows Version: Windows Server 2012 R2  64-bit
2:18:41 PM  [main] 	XAMPP Version: 5.6.30
2:18:41 PM  [main] 	Control Panel Version: 3.2.2  [ Compiled: Nov 12th 2015 ]
2:18:41 PM  [main] 	Running with Administrator rights - good!
2:18:41 PM  [main] 	XAMPP Installation Directory: "c:\xampp\"
2:18:41 PM  [main] 	Checking for prerequisites
2:18:41 PM  [main] 	All prerequisites found
2:18:41 PM  [main] 	Initializing Modules
2:18:41 PM  [main] 	Starting Check-Timer
2:18:41 PM  [main] 	Control Panel Ready
2:18:48 PM  [Apache] 	Attempting to start Apache service...
2:18:49 PM  [mysql] 	Attempting to start MySQL service...
2:18:49 PM  [mysql] 	Status change detected: running
2:18:50 PM  [filezilla] 	Attempting to start FileZilla service...
2:18:50 PM  [filezilla] 	Status change detected: running
2:19:29 PM  [Apache] 	Attempting to start Apache service...
2:21:25 PM  [Apache] 	Attempting to start Apache service...
2:21:28 PM  [mysql] 	Attempting to stop MySQL service...
2:21:28 PM  [filezilla] 	Attempting to stop FileZilla service...
2:21:29 PM  [filezilla] 	Status change detected: stopped
2:21:30 PM  [mysql] 	Status change detected: stopped
2:21:31 PM  [Apache] 	Attempting to start Apache service...
2:21:34 PM  [main] 	Deinitializing Modules
2:21:34 PM  [main] 	Deinitializing Control Panel

